2019-12-03 10:38:19,657 [1] INFO  FilesSaver.Program Program started.
2019-12-03 10:38:19,739 [1] INFO  FilesSaver.Form1 In Form1 constructor.
2019-12-03 10:39:03,757 [4] INFO  FilesSaver.Form1 Timer event fired.
2019-12-03 10:39:38,759 [5] INFO  FilesSaver.Form1 Timer event fired.
2019-12-03 10:40:48,341 [6] INFO  FilesSaver.Form1 Timer event fired.
2019-12-03 10:40:48,347 [6] INFO  FilesSaver.Form1 Copy Now Button activated.
2019-12-03 10:40:48,356 [6] INFO  FilesSaver.Form1 DoWork activated, Directory size is: 9604128768
2019-12-03 10:40:48,691 [7] INFO  FilesSaver.Form1 Progress updated and at: 100%
2019-12-03 10:40:48,691 [8] INFO  FilesSaver.Form1 File transfer is completed.
2019-12-03 10:41:23,345 [9] INFO  FilesSaver.Form1 Timer event fired.
2019-12-03 10:41:58,349 [10] INFO  FilesSaver.Form1 Timer event fired.
2019-12-03 10:42:26,155 [1] INFO  FilesSaver.Form1 Copy Now Button activated.
2019-12-03 10:42:26,166 [11] INFO  FilesSaver.Form1 DoWork activated, Directory size is: 9604128768
2019-12-03 10:42:26,328 [1] INFO  FilesSaver.Form1 Progress updated and at: 100%
2019-12-03 10:42:34,665 [11] INFO  FilesSaver.Form1 Timer event fired.
2019-12-03 10:42:34,666 [1] INFO  FilesSaver.Form1 File transfer is completed.
2019-12-03 10:43:21,363 [12] INFO  FilesSaver.Form1 Timer event fired.
2019-12-03 10:43:21,369 [12] INFO  FilesSaver.Form1 Copy Now Button activated.
2019-12-03 10:43:21,380 [13] INFO  FilesSaver.Form1 DoWork activated, Directory size is: 9604128768
2019-12-03 10:43:24,725 [14] INFO  FilesSaver.Form1 Progress updated and at: 100%
2019-12-03 10:43:24,727 [12] INFO  FilesSaver.Form1 File transfer is completed.
2019-12-03 10:43:56,365 [16] INFO  FilesSaver.Form1 Timer event fired.
2019-12-03 10:43:56,370 [16] INFO  FilesSaver.Form1 Copy Now Button activated.
2019-12-03 10:43:56,377 [16] INFO  FilesSaver.Form1 DoWork activated, Directory size is: 9604128768
2019-12-03 10:43:56,538 [15] INFO  FilesSaver.Form1 Progress updated and at: 100%
2019-12-03 10:44:00,921 [16] INFO  FilesSaver.Form1 File transfer is completed.
2019-12-03 10:44:31,368 [17] INFO  FilesSaver.Form1 Timer event fired.
2019-12-03 10:45:06,371 [18] INFO  FilesSaver.Form1 Timer event fired.
2019-12-03 10:45:41,374 [19] INFO  FilesSaver.Form1 Timer event fired.
2019-12-03 10:46:16,376 [20] INFO  FilesSaver.Form1 Timer event fired.
2019-12-03 10:46:51,378 [21] INFO  FilesSaver.Form1 Timer event fired.
2019-12-03 12:35:16,893 [1] INFO  FilesSaver.Program Program started.
2019-12-03 12:35:16,985 [1] INFO  FilesSaver.Form1 In Form1 constructor.
2019-12-03 12:35:31,500 [4] INFO  FilesSaver.Form1 Timer event fired.
2019-12-03 12:35:31,505 [4] INFO  FilesSaver.Form1 Copy Now Button activated.
2019-12-03 12:43:37,876 [1] INFO  FilesSaver.Program Program started.
2019-12-03 12:43:38,452 [1] INFO  FilesSaver.Form1 In Form1 constructor.
2019-12-03 12:44:00,088 [4] INFO  FilesSaver.Form1 Timer event fired.
2019-12-03 12:44:05,089 [4] INFO  FilesSaver.Form1 Timer event fired.
2019-12-03 12:44:10,089 [4] INFO  FilesSaver.Form1 Timer event fired.
2019-12-03 12:44:15,090 [4] INFO  FilesSaver.Form1 Timer event fired.
2019-12-03 12:44:20,091 [4] INFO  FilesSaver.Form1 Timer event fired.
2019-12-03 12:44:25,092 [4] INFO  FilesSaver.Form1 Timer event fired.
2019-12-03 12:44:30,094 [4] INFO  FilesSaver.Form1 Timer event fired.
2019-12-03 12:44:35,096 [4] INFO  FilesSaver.Form1 Timer event fired.
2019-12-03 12:44:40,097 [4] INFO  FilesSaver.Form1 Timer event fired.
2019-12-03 12:44:45,097 [4] INFO  FilesSaver.Form1 Timer event fired.
2019-12-03 12:44:50,098 [4] INFO  FilesSaver.Form1 Timer event fired.
2019-12-03 12:44:55,099 [4] INFO  FilesSaver.Form1 Timer event fired.
2019-12-03 12:45:00,100 [4] INFO  FilesSaver.Form1 Timer event fired.
2019-12-03 12:45:05,101 [4] INFO  FilesSaver.Form1 Timer event fired.
2019-12-03 12:45:10,102 [4] INFO  FilesSaver.Form1 Timer event fired.
2019-12-03 12:45:15,103 [4] INFO  FilesSaver.Form1 Timer event fired.
2019-12-03 12:45:20,103 [4] INFO  FilesSaver.Form1 Timer event fired.
2019-12-03 12:45:25,104 [4] INFO  FilesSaver.Form1 Timer event fired.
2019-12-03 12:45:30,105 [4] INFO  FilesSaver.Form1 Timer event fired.
2019-12-03 12:45:35,106 [4] INFO  FilesSaver.Form1 Timer event fired.
2019-12-03 12:45:40,107 [4] INFO  FilesSaver.Form1 Timer event fired.
2019-12-03 12:45:45,108 [4] INFO  FilesSaver.Form1 Timer event fired.
2019-12-03 12:45:50,109 [4] INFO  FilesSaver.Form1 Timer event fired.
2019-12-03 12:45:55,109 [4] INFO  FilesSaver.Form1 Timer event fired.
2019-12-03 12:46:00,109 [4] INFO  FilesSaver.Form1 Timer event fired.
2019-12-03 12:46:05,110 [4] INFO  FilesSaver.Form1 Timer event fired.
2019-12-03 12:46:10,111 [4] INFO  FilesSaver.Form1 Timer event fired.
2019-12-03 12:46:41,120 [1] INFO  FilesSaver.Program Program started.
2019-12-03 12:46:41,720 [1] INFO  FilesSaver.Form1 In Form1 constructor.
2019-12-03 12:47:03,065 [4] INFO  FilesSaver.Form1 Timer event fired.
2019-12-03 12:47:08,066 [4] INFO  FilesSaver.Form1 Timer event fired.
2019-12-03 12:47:13,067 [4] INFO  FilesSaver.Form1 Timer event fired.
2019-12-03 12:47:18,068 [4] INFO  FilesSaver.Form1 Timer event fired.
2019-12-03 12:47:23,069 [4] INFO  FilesSaver.Form1 Timer event fired.
2019-12-03 12:47:28,071 [4] INFO  FilesSaver.Form1 Timer event fired.
2019-12-03 12:47:33,072 [4] INFO  FilesSaver.Form1 Timer event fired.
2019-12-03 12:47:38,073 [4] INFO  FilesSaver.Form1 Timer event fired.
2019-12-03 12:47:43,074 [4] INFO  FilesSaver.Form1 Timer event fired.
2019-12-03 12:47:48,075 [4] INFO  FilesSaver.Form1 Timer event fired.
2019-12-03 12:47:53,075 [4] INFO  FilesSaver.Form1 Timer event fired.
2019-12-03 12:47:58,076 [4] INFO  FilesSaver.Form1 Timer event fired.
2019-12-03 12:48:03,077 [4] INFO  FilesSaver.Form1 Timer event fired.
2019-12-03 12:48:08,078 [4] INFO  FilesSaver.Form1 Timer event fired.
2019-12-03 12:48:13,079 [4] INFO  FilesSaver.Form1 Timer event fired.
2019-12-03 12:48:18,080 [4] INFO  FilesSaver.Form1 Timer event fired.
2019-12-03 12:48:23,080 [4] INFO  FilesSaver.Form1 Timer event fired.
2019-12-03 12:48:28,081 [4] INFO  FilesSaver.Form1 Timer event fired.
2019-12-03 12:48:33,081 [4] INFO  FilesSaver.Form1 Timer event fired.
2019-12-03 12:48:38,082 [4] INFO  FilesSaver.Form1 Timer event fired.
2019-12-03 12:48:43,083 [4] INFO  FilesSaver.Form1 Timer event fired.
2019-12-03 12:48:48,084 [4] INFO  FilesSaver.Form1 Timer event fired.
2019-12-03 12:48:53,085 [4] INFO  FilesSaver.Form1 Timer event fired.
2019-12-03 12:48:58,086 [4] INFO  FilesSaver.Form1 Timer event fired.
2019-12-03 12:49:03,086 [4] INFO  FilesSaver.Form1 Timer event fired.
2019-12-03 12:49:08,087 [4] INFO  FilesSaver.Form1 Timer event fired.
2019-12-03 12:49:13,088 [4] INFO  FilesSaver.Form1 Timer event fired.
2019-12-03 12:55:11,344 [1] INFO  FilesSaver.Program Program started.
2019-12-03 12:55:11,946 [1] INFO  FilesSaver.Form1 In Form1 constructor.
2019-12-03 13:47:50,537 [1] INFO  FilesSaver.Program Program started.
2019-12-03 13:47:51,118 [1] INFO  FilesSaver.Form1 In Form1 constructor.
2019-12-03 13:48:08,967 [4] INFO  FilesSaver.Form1 Timer event fired.
2019-12-03 13:48:13,967 [4] INFO  FilesSaver.Form1 Timer event fired.
2019-12-03 13:48:18,968 [4] INFO  FilesSaver.Form1 Timer event fired.
2019-12-03 13:48:23,969 [4] INFO  FilesSaver.Form1 Timer event fired.
2019-12-03 13:48:28,970 [4] INFO  FilesSaver.Form1 Timer event fired.
2019-12-03 13:48:38,301 [4] INFO  FilesSaver.Form1 Timer event fired.
2019-12-03 13:48:39,396 [5] INFO  FilesSaver.Form1 Timer event fired.
2019-12-03 13:48:47,637 [5] INFO  FilesSaver.Form1 Timer event fired.
2019-12-03 13:49:05,396 [6] INFO  FilesSaver.Form1 Timer event fired.
2019-12-03 13:48:57,624 [4] INFO  FilesSaver.Form1 Timer event fired.
2019-12-03 13:49:20,576 [7] INFO  FilesSaver.Form1 Timer event fired.
2019-12-03 13:49:20,576 [5] INFO  FilesSaver.Form1 Timer event fired.
2019-12-03 13:49:27,678 [6] INFO  FilesSaver.Form1 Timer event fired.
2019-12-03 13:49:32,680 [4] INFO  FilesSaver.Form1 Timer event fired.
2019-12-03 13:49:41,567 [4] INFO  FilesSaver.Form1 Timer event fired.
2019-12-03 13:49:45,460 [4] INFO  FilesSaver.Form1 Copy Now Button activated.
2019-12-03 13:49:50,468 [4] INFO  FilesSaver.Form1 Timer event fired.
2019-12-03 13:49:57,472 [5] INFO  FilesSaver.Form1 Timer event fired.
2019-12-03 13:49:57,473 [4] INFO  FilesSaver.Form1 Copy Now Button activated.
2019-12-03 13:49:58,996 [5] INFO  FilesSaver.Form1 Copy Now Button activated.
2019-12-03 13:50:04,001 [4] INFO  FilesSaver.Form1 Timer event fired.
2019-12-03 13:50:09,002 [4] INFO  FilesSaver.Form1 Timer event fired.
2019-12-03 13:50:14,002 [4] INFO  FilesSaver.Form1 Timer event fired.
2019-12-03 13:50:19,004 [5] INFO  FilesSaver.Form1 Timer event fired.
2019-12-03 13:50:24,004 [4] INFO  FilesSaver.Form1 Timer event fired.
2019-12-03 13:50:29,005 [4] INFO  FilesSaver.Form1 Timer event fired.
2019-12-03 13:50:34,006 [4] INFO  FilesSaver.Form1 Timer event fired.
2019-12-03 13:50:39,007 [4] INFO  FilesSaver.Form1 Timer event fired.
2019-12-03 13:50:44,007 [4] INFO  FilesSaver.Form1 Timer event fired.
2019-12-03 13:50:49,008 [4] INFO  FilesSaver.Form1 Timer event fired.
2019-12-03 13:50:54,009 [4] INFO  FilesSaver.Form1 Timer event fired.
2019-12-03 13:50:59,009 [4] INFO  FilesSaver.Form1 Timer event fired.
2019-12-03 13:51:04,009 [4] INFO  FilesSaver.Form1 Timer event fired.
2019-12-03 13:51:09,010 [4] INFO  FilesSaver.Form1 Timer event fired.
2019-12-03 13:51:18,885 [4] INFO  FilesSaver.Form1 Timer event fired.
2019-12-03 13:51:26,101 [8] INFO  FilesSaver.Form1 Timer event fired.
2019-12-03 13:52:56,446 [1] INFO  FilesSaver.Program Program started.
2019-12-03 13:52:57,029 [1] INFO  FilesSaver.Form1 In Form1 constructor.
2019-12-03 13:53:31,086 [4] INFO  FilesSaver.Form1 Timer event fired.
2019-12-03 13:53:31,093 [4] INFO  FilesSaver.Form1 Copy Now Button activated.
2019-12-03 13:53:36,102 [9] INFO  FilesSaver.Form1 Timer event fired.
2019-12-03 13:53:36,107 [9] INFO  FilesSaver.Form1 Copy Now Button activated.
2019-12-03 13:53:54,808 [4] INFO  FilesSaver.Form1 Timer event fired.
2019-12-03 13:53:54,822 [4] INFO  FilesSaver.Form1 Copy Now Button activated.
2019-12-03 13:54:05,111 [5] INFO  FilesSaver.Form1 Timer event fired.
2019-12-03 13:54:10,113 [4] INFO  FilesSaver.Form1 Timer event fired.
2019-12-03 13:54:15,113 [4] INFO  FilesSaver.Form1 Timer event fired.
2019-12-03 13:54:20,114 [4] INFO  FilesSaver.Form1 Timer event fired.
2019-12-03 13:54:25,115 [4] INFO  FilesSaver.Form1 Timer event fired.
2019-12-03 13:54:30,115 [4] INFO  FilesSaver.Form1 Timer event fired.
2019-12-03 13:54:35,116 [4] INFO  FilesSaver.Form1 Timer event fired.
2019-12-03 13:54:40,117 [4] INFO  FilesSaver.Form1 Timer event fired.
2019-12-03 13:54:45,117 [4] INFO  FilesSaver.Form1 Timer event fired.
2019-12-03 13:54:50,119 [4] INFO  FilesSaver.Form1 Timer event fired.
2019-12-03 13:54:55,119 [4] INFO  FilesSaver.Form1 Timer event fired.
2019-12-03 13:55:00,120 [4] INFO  FilesSaver.Form1 Timer event fired.
2019-12-03 13:55:05,121 [4] INFO  FilesSaver.Form1 Timer event fired.
2019-12-03 13:55:10,123 [4] INFO  FilesSaver.Form1 Timer event fired.
2019-12-03 13:55:15,124 [4] INFO  FilesSaver.Form1 Timer event fired.
2019-12-03 13:55:20,124 [4] INFO  FilesSaver.Form1 Timer event fired.
2019-12-03 13:55:25,125 [4] INFO  FilesSaver.Form1 Timer event fired.
2019-12-03 13:55:30,126 [4] INFO  FilesSaver.Form1 Timer event fired.
2019-12-03 13:55:35,126 [4] INFO  FilesSaver.Form1 Timer event fired.
2019-12-03 13:55:40,127 [4] INFO  FilesSaver.Form1 Timer event fired.
2019-12-03 13:55:45,128 [4] INFO  FilesSaver.Form1 Timer event fired.
2019-12-03 13:55:50,129 [4] INFO  FilesSaver.Form1 Timer event fired.
2019-12-03 13:55:55,129 [4] INFO  FilesSaver.Form1 Timer event fired.
2019-12-03 13:56:00,130 [4] INFO  FilesSaver.Form1 Timer event fired.
2019-12-03 13:56:05,131 [4] INFO  FilesSaver.Form1 Timer event fired.
2019-12-03 13:56:10,131 [4] INFO  FilesSaver.Form1 Timer event fired.
2019-12-03 13:56:15,132 [4] INFO  FilesSaver.Form1 Timer event fired.
2019-12-03 13:56:20,133 [4] INFO  FilesSaver.Form1 Timer event fired.
2019-12-03 13:56:25,134 [4] INFO  FilesSaver.Form1 Timer event fired.
2019-12-03 13:56:30,134 [4] INFO  FilesSaver.Form1 Timer event fired.
2019-12-03 13:56:35,135 [4] INFO  FilesSaver.Form1 Timer event fired.
2019-12-03 13:56:40,136 [4] INFO  FilesSaver.Form1 Timer event fired.
2019-12-03 13:56:45,136 [4] INFO  FilesSaver.Form1 Timer event fired.
2019-12-03 13:56:50,137 [4] INFO  FilesSaver.Form1 Timer event fired.
2019-12-03 13:56:55,138 [4] INFO  FilesSaver.Form1 Timer event fired.
2019-12-03 13:57:00,138 [4] INFO  FilesSaver.Form1 Timer event fired.
2019-12-03 13:57:05,138 [4] INFO  FilesSaver.Form1 Timer event fired.
2019-12-03 13:57:10,140 [4] INFO  FilesSaver.Form1 Timer event fired.
2019-12-03 13:57:15,141 [4] INFO  FilesSaver.Form1 Timer event fired.
2019-12-03 13:57:20,142 [4] INFO  FilesSaver.Form1 Timer event fired.
2019-12-03 13:57:25,142 [4] INFO  FilesSaver.Form1 Timer event fired.
2019-12-03 13:57:30,144 [4] INFO  FilesSaver.Form1 Timer event fired.
2019-12-03 13:57:35,144 [4] INFO  FilesSaver.Form1 Timer event fired.
2019-12-03 13:57:40,145 [4] INFO  FilesSaver.Form1 Timer event fired.
2019-12-03 13:57:45,146 [4] INFO  FilesSaver.Form1 Timer event fired.
2019-12-03 13:57:50,147 [4] INFO  FilesSaver.Form1 Timer event fired.
2019-12-03 13:57:55,147 [4] INFO  FilesSaver.Form1 Timer event fired.
2019-12-03 13:58:00,148 [4] INFO  FilesSaver.Form1 Timer event fired.
2019-12-03 13:58:05,149 [4] INFO  FilesSaver.Form1 Timer event fired.
2019-12-03 13:58:10,150 [4] INFO  FilesSaver.Form1 Timer event fired.
2019-12-03 13:58:15,151 [4] INFO  FilesSaver.Form1 Timer event fired.
2019-12-03 13:58:20,151 [4] INFO  FilesSaver.Form1 Timer event fired.
2019-12-03 13:58:25,152 [4] INFO  FilesSaver.Form1 Timer event fired.
2019-12-03 13:58:30,152 [4] INFO  FilesSaver.Form1 Timer event fired.
2019-12-03 13:58:35,153 [4] INFO  FilesSaver.Form1 Timer event fired.
2019-12-03 13:58:40,153 [4] INFO  FilesSaver.Form1 Timer event fired.
2019-12-03 13:58:45,154 [4] INFO  FilesSaver.Form1 Timer event fired.
2019-12-03 13:58:50,154 [4] INFO  FilesSaver.Form1 Timer event fired.
2019-12-03 13:58:55,155 [4] INFO  FilesSaver.Form1 Timer event fired.
2019-12-03 13:59:00,156 [4] INFO  FilesSaver.Form1 Timer event fired.
2019-12-03 13:59:05,156 [4] INFO  FilesSaver.Form1 Timer event fired.
2019-12-03 13:59:10,157 [4] INFO  FilesSaver.Form1 Timer event fired.
2019-12-03 13:59:15,157 [4] INFO  FilesSaver.Form1 Timer event fired.
2019-12-03 13:59:20,158 [4] INFO  FilesSaver.Form1 Timer event fired.
2019-12-03 13:59:25,159 [4] INFO  FilesSaver.Form1 Timer event fired.
2019-12-03 13:59:30,159 [4] INFO  FilesSaver.Form1 Timer event fired.
2019-12-03 13:59:35,160 [4] INFO  FilesSaver.Form1 Timer event fired.
2019-12-03 13:59:40,161 [4] INFO  FilesSaver.Form1 Timer event fired.
2019-12-03 13:59:45,161 [4] INFO  FilesSaver.Form1 Timer event fired.
2019-12-03 13:59:50,162 [4] INFO  FilesSaver.Form1 Timer event fired.
2019-12-03 13:59:55,162 [4] INFO  FilesSaver.Form1 Timer event fired.
2019-12-03 14:00:00,163 [4] INFO  FilesSaver.Form1 Timer event fired.
2019-12-03 14:00:05,164 [4] INFO  FilesSaver.Form1 Timer event fired.
2019-12-03 14:00:10,164 [4] INFO  FilesSaver.Form1 Timer event fired.
2019-12-03 14:00:15,165 [4] INFO  FilesSaver.Form1 Timer event fired.
2019-12-03 14:00:20,166 [4] INFO  FilesSaver.Form1 Timer event fired.
2019-12-03 14:00:25,166 [4] INFO  FilesSaver.Form1 Timer event fired.
2019-12-03 14:00:30,167 [4] INFO  FilesSaver.Form1 Timer event fired.
2019-12-03 14:00:35,168 [4] INFO  FilesSaver.Form1 Timer event fired.
2019-12-03 14:00:40,168 [4] INFO  FilesSaver.Form1 Timer event fired.
2019-12-03 14:00:45,169 [4] INFO  FilesSaver.Form1 Timer event fired.
2019-12-03 14:00:50,169 [4] INFO  FilesSaver.Form1 Timer event fired.
2019-12-03 14:00:55,170 [4] INFO  FilesSaver.Form1 Timer event fired.
2019-12-03 14:01:00,172 [4] INFO  FilesSaver.Form1 Timer event fired.
2019-12-03 14:01:05,172 [4] INFO  FilesSaver.Form1 Timer event fired.
2019-12-03 14:01:10,173 [4] INFO  FilesSaver.Form1 Timer event fired.
2019-12-03 14:01:15,174 [4] INFO  FilesSaver.Form1 Timer event fired.
2019-12-03 14:01:20,174 [4] INFO  FilesSaver.Form1 Timer event fired.
2019-12-03 14:01:25,175 [4] INFO  FilesSaver.Form1 Timer event fired.
2019-12-03 14:01:30,175 [4] INFO  FilesSaver.Form1 Timer event fired.
2019-12-03 14:01:35,176 [4] INFO  FilesSaver.Form1 Timer event fired.
2019-12-03 14:01:40,177 [4] INFO  FilesSaver.Form1 Timer event fired.
2019-12-03 14:01:45,177 [4] INFO  FilesSaver.Form1 Timer event fired.
2019-12-03 14:01:50,178 [4] INFO  FilesSaver.Form1 Timer event fired.
2019-12-03 14:01:55,179 [4] INFO  FilesSaver.Form1 Timer event fired.
2019-12-03 14:02:00,179 [4] INFO  FilesSaver.Form1 Timer event fired.
2019-12-03 14:02:05,180 [4] INFO  FilesSaver.Form1 Timer event fired.
2019-12-03 14:02:10,180 [4] INFO  FilesSaver.Form1 Timer event fired.
2019-12-03 14:02:15,181 [4] INFO  FilesSaver.Form1 Timer event fired.
2019-12-03 14:02:20,182 [4] INFO  FilesSaver.Form1 Timer event fired.
2019-12-03 14:02:25,182 [4] INFO  FilesSaver.Form1 Timer event fired.
2019-12-03 14:02:30,183 [4] INFO  FilesSaver.Form1 Timer event fired.
2019-12-03 14:02:35,184 [4] INFO  FilesSaver.Form1 Timer event fired.
2019-12-03 14:02:40,184 [4] INFO  FilesSaver.Form1 Timer event fired.
2019-12-03 14:02:45,185 [4] INFO  FilesSaver.Form1 Timer event fired.
2019-12-03 14:02:50,186 [4] INFO  FilesSaver.Form1 Timer event fired.
2019-12-03 14:02:55,186 [4] INFO  FilesSaver.Form1 Timer event fired.
2019-12-03 14:03:00,187 [4] INFO  FilesSaver.Form1 Timer event fired.
2019-12-03 14:03:05,187 [4] INFO  FilesSaver.Form1 Timer event fired.
2019-12-03 14:03:10,188 [4] INFO  FilesSaver.Form1 Timer event fired.
2019-12-03 14:03:15,189 [4] INFO  FilesSaver.Form1 Timer event fired.
2019-12-03 14:03:20,189 [4] INFO  FilesSaver.Form1 Timer event fired.
2019-12-03 14:03:25,190 [4] INFO  FilesSaver.Form1 Timer event fired.
2019-12-03 14:03:30,191 [4] INFO  FilesSaver.Form1 Timer event fired.
2019-12-03 14:03:35,191 [4] INFO  FilesSaver.Form1 Timer event fired.
2019-12-03 14:03:40,192 [4] INFO  FilesSaver.Form1 Timer event fired.
2019-12-03 14:03:45,192 [4] INFO  FilesSaver.Form1 Timer event fired.
2019-12-03 14:03:50,193 [4] INFO  FilesSaver.Form1 Timer event fired.
2019-12-03 14:03:55,194 [4] INFO  FilesSaver.Form1 Timer event fired.
2019-12-03 14:04:00,194 [4] INFO  FilesSaver.Form1 Timer event fired.
2019-12-03 14:04:05,195 [4] INFO  FilesSaver.Form1 Timer event fired.
2019-12-03 14:04:10,196 [4] INFO  FilesSaver.Form1 Timer event fired.
2019-12-03 14:04:15,196 [4] INFO  FilesSaver.Form1 Timer event fired.
2019-12-03 14:04:20,197 [4] INFO  FilesSaver.Form1 Timer event fired.
2019-12-03 14:04:25,198 [4] INFO  FilesSaver.Form1 Timer event fired.
2019-12-03 14:04:30,198 [4] INFO  FilesSaver.Form1 Timer event fired.
2019-12-03 14:04:35,199 [4] INFO  FilesSaver.Form1 Timer event fired.
2019-12-03 14:04:40,200 [4] INFO  FilesSaver.Form1 Timer event fired.
2019-12-03 14:04:45,200 [4] INFO  FilesSaver.Form1 Timer event fired.
2019-12-03 14:04:50,201 [4] INFO  FilesSaver.Form1 Timer event fired.
2019-12-03 14:04:55,201 [4] INFO  FilesSaver.Form1 Timer event fired.
2019-12-03 14:05:00,203 [4] INFO  FilesSaver.Form1 Timer event fired.
2019-12-03 14:05:05,204 [4] INFO  FilesSaver.Form1 Timer event fired.
2019-12-03 14:05:10,204 [4] INFO  FilesSaver.Form1 Timer event fired.
2019-12-03 14:05:15,205 [4] INFO  FilesSaver.Form1 Timer event fired.
2019-12-03 14:05:20,206 [4] INFO  FilesSaver.Form1 Timer event fired.
2019-12-03 14:05:25,206 [4] INFO  FilesSaver.Form1 Timer event fired.
2019-12-03 14:05:30,207 [4] INFO  FilesSaver.Form1 Timer event fired.
2019-12-03 14:05:35,207 [4] INFO  FilesSaver.Form1 Timer event fired.
2019-12-03 14:05:40,208 [4] INFO  FilesSaver.Form1 Timer event fired.
2019-12-03 14:05:45,209 [4] INFO  FilesSaver.Form1 Timer event fired.
2019-12-03 14:05:50,209 [4] INFO  FilesSaver.Form1 Timer event fired.
2019-12-03 14:05:55,210 [4] INFO  FilesSaver.Form1 Timer event fired.
2019-12-03 14:06:00,211 [4] INFO  FilesSaver.Form1 Timer event fired.
2019-12-03 14:06:05,211 [4] INFO  FilesSaver.Form1 Timer event fired.
2019-12-03 14:06:10,212 [4] INFO  FilesSaver.Form1 Timer event fired.
2019-12-03 14:06:15,213 [4] INFO  FilesSaver.Form1 Timer event fired.
2019-12-03 14:06:20,213 [4] INFO  FilesSaver.Form1 Timer event fired.
2019-12-03 14:06:25,214 [4] INFO  FilesSaver.Form1 Timer event fired.
2019-12-03 14:06:30,214 [4] INFO  FilesSaver.Form1 Timer event fired.
2019-12-03 14:06:35,215 [4] INFO  FilesSaver.Form1 Timer event fired.
2019-12-03 14:06:40,216 [4] INFO  FilesSaver.Form1 Timer event fired.
2019-12-03 14:06:45,216 [4] INFO  FilesSaver.Form1 Timer event fired.
2019-12-03 14:06:50,217 [4] INFO  FilesSaver.Form1 Timer event fired.
2019-12-03 14:06:55,218 [4] INFO  FilesSaver.Form1 Timer event fired.
2019-12-03 14:07:00,218 [4] INFO  FilesSaver.Form1 Timer event fired.
2019-12-03 14:07:05,219 [4] INFO  FilesSaver.Form1 Timer event fired.
2019-12-03 14:07:10,219 [4] INFO  FilesSaver.Form1 Timer event fired.
2019-12-03 14:07:15,220 [4] INFO  FilesSaver.Form1 Timer event fired.
2019-12-03 14:07:20,221 [4] INFO  FilesSaver.Form1 Timer event fired.
2019-12-03 14:07:25,221 [4] INFO  FilesSaver.Form1 Timer event fired.
2019-12-03 14:07:30,222 [4] INFO  FilesSaver.Form1 Timer event fired.
2019-12-03 14:07:35,223 [4] INFO  FilesSaver.Form1 Timer event fired.
2019-12-03 14:07:40,223 [4] INFO  FilesSaver.Form1 Timer event fired.
2019-12-03 14:07:45,224 [4] INFO  FilesSaver.Form1 Timer event fired.
2019-12-03 14:07:50,225 [4] INFO  FilesSaver.Form1 Timer event fired.
2019-12-03 14:07:55,225 [4] INFO  FilesSaver.Form1 Timer event fired.
2019-12-03 14:08:00,226 [4] INFO  FilesSaver.Form1 Timer event fired.
2019-12-03 14:08:05,226 [4] INFO  FilesSaver.Form1 Timer event fired.
2019-12-03 14:08:10,227 [4] INFO  FilesSaver.Form1 Timer event fired.
2019-12-03 14:08:15,228 [4] INFO  FilesSaver.Form1 Timer event fired.
2019-12-03 14:08:20,228 [4] INFO  FilesSaver.Form1 Timer event fired.
2019-12-03 14:08:25,229 [4] INFO  FilesSaver.Form1 Timer event fired.
2019-12-03 14:08:30,230 [4] INFO  FilesSaver.Form1 Timer event fired.
2019-12-03 14:08:35,230 [4] INFO  FilesSaver.Form1 Timer event fired.
2019-12-03 14:08:40,231 [4] INFO  FilesSaver.Form1 Timer event fired.
2019-12-03 14:08:45,231 [4] INFO  FilesSaver.Form1 Timer event fired.
2019-12-03 14:08:50,232 [4] INFO  FilesSaver.Form1 Timer event fired.
2019-12-03 14:08:55,233 [4] INFO  FilesSaver.Form1 Timer event fired.
2019-12-03 14:09:00,233 [4] INFO  FilesSaver.Form1 Timer event fired.
2019-12-03 14:09:05,234 [4] INFO  FilesSaver.Form1 Timer event fired.
2019-12-03 14:09:10,235 [4] INFO  FilesSaver.Form1 Timer event fired.
2019-12-03 14:09:15,235 [4] INFO  FilesSaver.Form1 Timer event fired.
2019-12-03 14:09:20,236 [4] INFO  FilesSaver.Form1 Timer event fired.
2019-12-03 14:09:25,236 [4] INFO  FilesSaver.Form1 Timer event fired.
2019-12-03 14:09:30,237 [4] INFO  FilesSaver.Form1 Timer event fired.
2019-12-03 14:09:35,238 [4] INFO  FilesSaver.Form1 Timer event fired.
2019-12-03 14:09:40,238 [4] INFO  FilesSaver.Form1 Timer event fired.
2019-12-03 14:09:45,239 [4] INFO  FilesSaver.Form1 Timer event fired.
2019-12-03 14:09:50,240 [4] INFO  FilesSaver.Form1 Timer event fired.
2019-12-03 14:09:55,240 [4] INFO  FilesSaver.Form1 Timer event fired.
2019-12-03 14:10:00,241 [4] INFO  FilesSaver.Form1 Timer event fired.
2019-12-03 14:10:05,242 [4] INFO  FilesSaver.Form1 Timer event fired.
2019-12-03 14:10:10,242 [4] INFO  FilesSaver.Form1 Timer event fired.
2019-12-03 14:10:15,243 [4] INFO  FilesSaver.Form1 Timer event fired.
2019-12-03 14:10:20,243 [4] INFO  FilesSaver.Form1 Timer event fired.
2019-12-03 14:10:25,244 [4] INFO  FilesSaver.Form1 Timer event fired.
2019-12-03 14:10:30,245 [4] INFO  FilesSaver.Form1 Timer event fired.
2019-12-03 14:10:35,245 [4] INFO  FilesSaver.Form1 Timer event fired.
2019-12-03 14:10:40,246 [4] INFO  FilesSaver.Form1 Timer event fired.
2019-12-03 14:10:45,247 [4] INFO  FilesSaver.Form1 Timer event fired.
2019-12-03 14:10:50,247 [4] INFO  FilesSaver.Form1 Timer event fired.
2019-12-03 14:10:55,248 [4] INFO  FilesSaver.Form1 Timer event fired.
2019-12-03 14:11:00,248 [4] INFO  FilesSaver.Form1 Timer event fired.
2019-12-03 14:11:05,249 [4] INFO  FilesSaver.Form1 Timer event fired.
2019-12-03 14:11:10,250 [4] INFO  FilesSaver.Form1 Timer event fired.
2019-12-03 14:11:15,250 [4] INFO  FilesSaver.Form1 Timer event fired.
2019-12-03 14:11:20,251 [4] INFO  FilesSaver.Form1 Timer event fired.
2019-12-03 14:11:25,252 [4] INFO  FilesSaver.Form1 Timer event fired.
2019-12-03 14:11:30,252 [4] INFO  FilesSaver.Form1 Timer event fired.
2019-12-03 14:11:35,253 [4] INFO  FilesSaver.Form1 Timer event fired.
2019-12-03 14:11:40,253 [4] INFO  FilesSaver.Form1 Timer event fired.
2019-12-03 14:11:45,254 [4] INFO  FilesSaver.Form1 Timer event fired.
2019-12-03 14:11:50,255 [4] INFO  FilesSaver.Form1 Timer event fired.
2019-12-03 14:11:55,255 [4] INFO  FilesSaver.Form1 Timer event fired.
2019-12-03 14:12:00,256 [4] INFO  FilesSaver.Form1 Timer event fired.
2019-12-03 14:12:05,257 [4] INFO  FilesSaver.Form1 Timer event fired.
2019-12-03 14:12:10,257 [4] INFO  FilesSaver.Form1 Timer event fired.
2019-12-03 14:12:15,258 [4] INFO  FilesSaver.Form1 Timer event fired.
2019-12-03 14:12:20,259 [4] INFO  FilesSaver.Form1 Timer event fired.
2019-12-03 14:12:25,259 [4] INFO  FilesSaver.Form1 Timer event fired.
2019-12-03 14:12:30,260 [4] INFO  FilesSaver.Form1 Timer event fired.
2019-12-03 14:12:35,260 [4] INFO  FilesSaver.Form1 Timer event fired.
2019-12-03 14:12:40,261 [4] INFO  FilesSaver.Form1 Timer event fired.
2019-12-03 14:12:45,262 [4] INFO  FilesSaver.Form1 Timer event fired.
2019-12-03 14:12:50,262 [4] INFO  FilesSaver.Form1 Timer event fired.
2019-12-03 14:12:55,263 [4] INFO  FilesSaver.Form1 Timer event fired.
2019-12-03 14:13:00,264 [4] INFO  FilesSaver.Form1 Timer event fired.
2019-12-03 14:13:05,264 [4] INFO  FilesSaver.Form1 Timer event fired.
2019-12-03 14:13:10,265 [4] INFO  FilesSaver.Form1 Timer event fired.
2019-12-03 14:13:15,265 [4] INFO  FilesSaver.Form1 Timer event fired.
2019-12-03 14:13:20,266 [4] INFO  FilesSaver.Form1 Timer event fired.
2019-12-03 14:13:25,266 [4] INFO  FilesSaver.Form1 Timer event fired.
2019-12-03 14:13:30,267 [4] INFO  FilesSaver.Form1 Timer event fired.
2019-12-03 14:13:35,268 [4] INFO  FilesSaver.Form1 Timer event fired.
2019-12-03 14:13:40,268 [4] INFO  FilesSaver.Form1 Timer event fired.
2019-12-03 14:13:45,269 [4] INFO  FilesSaver.Form1 Timer event fired.
2019-12-03 14:13:50,269 [4] INFO  FilesSaver.Form1 Timer event fired.
2019-12-03 14:13:55,269 [4] INFO  FilesSaver.Form1 Timer event fired.
2019-12-03 14:14:00,270 [4] INFO  FilesSaver.Form1 Timer event fired.
2019-12-03 14:14:05,271 [4] INFO  FilesSaver.Form1 Timer event fired.
2019-12-03 14:14:10,272 [4] INFO  FilesSaver.Form1 Timer event fired.
2019-12-03 14:14:15,273 [4] INFO  FilesSaver.Form1 Timer event fired.
2019-12-03 14:14:20,274 [4] INFO  FilesSaver.Form1 Timer event fired.
2019-12-03 14:14:25,275 [4] INFO  FilesSaver.Form1 Timer event fired.
2019-12-03 14:14:30,276 [4] INFO  FilesSaver.Form1 Timer event fired.
2019-12-03 14:14:35,277 [4] INFO  FilesSaver.Form1 Timer event fired.
2019-12-03 14:14:40,278 [4] INFO  FilesSaver.Form1 Timer event fired.
2019-12-03 14:14:45,279 [4] INFO  FilesSaver.Form1 Timer event fired.
2019-12-03 14:14:50,279 [4] INFO  FilesSaver.Form1 Timer event fired.
2019-12-03 14:14:55,279 [4] INFO  FilesSaver.Form1 Timer event fired.
2019-12-03 14:15:00,281 [4] INFO  FilesSaver.Form1 Timer event fired.
2019-12-03 14:15:05,281 [4] INFO  FilesSaver.Form1 Timer event fired.
2019-12-03 14:15:10,282 [4] INFO  FilesSaver.Form1 Timer event fired.
2019-12-03 14:15:15,283 [4] INFO  FilesSaver.Form1 Timer event fired.
2019-12-03 14:15:20,283 [4] INFO  FilesSaver.Form1 Timer event fired.
2019-12-03 14:15:25,285 [4] INFO  FilesSaver.Form1 Timer event fired.
2019-12-03 14:15:30,286 [4] INFO  FilesSaver.Form1 Timer event fired.
2019-12-03 14:15:35,286 [4] INFO  FilesSaver.Form1 Timer event fired.
2019-12-03 14:15:40,287 [4] INFO  FilesSaver.Form1 Timer event fired.
2019-12-03 14:15:45,288 [4] INFO  FilesSaver.Form1 Timer event fired.
2019-12-03 14:20:36,549 [1] INFO  FilesSaver.Program Program started.
2019-12-03 14:20:37,145 [1] INFO  FilesSaver.Form1 In Form1 constructor.
2019-12-03 14:21:00,891 [4] INFO  FilesSaver.Form1 Timer event fired.
2019-12-03 14:21:05,891 [4] INFO  FilesSaver.Form1 Timer event fired.
2019-12-03 14:21:10,892 [4] INFO  FilesSaver.Form1 Timer event fired.
2019-12-03 14:21:20,061 [4] INFO  FilesSaver.Form1 Timer event fired.
2019-12-03 14:21:20,068 [4] INFO  FilesSaver.Form1 Copy Now Button activated.
2019-12-03 14:21:24,918 [4] INFO  FilesSaver.Form1 DoWork activated, Directory size is: 9604128768
2019-12-03 14:21:25,079 [5] INFO  FilesSaver.Form1 Timer event fired.
2019-12-03 14:21:25,084 [5] INFO  FilesSaver.Form1 Copy Now Button activated.
2019-12-03 14:21:25,091 [5] INFO  FilesSaver.Form1 background worker is running or null while trying to copy.
2019-12-03 14:21:25,218 [5] INFO  FilesSaver.Form1 File transfer is completed.
2019-12-03 14:21:30,091 [5] INFO  FilesSaver.Form1 Timer event fired.
2019-12-03 14:21:30,098 [5] INFO  FilesSaver.Form1 Copy Now Button activated.
2019-12-03 14:21:30,105 [6] INFO  FilesSaver.Form1 DoWork activated, Directory size is: 9604128768
2019-12-03 14:21:30,262 [4] INFO  FilesSaver.Form1 File transfer is completed.
2019-12-03 14:21:40,274 [4] INFO  FilesSaver.Form1 Timer event fired.
2019-12-03 14:21:45,275 [4] INFO  FilesSaver.Form1 Timer event fired.
2019-12-03 14:21:50,276 [4] INFO  FilesSaver.Form1 Timer event fired.
2019-12-03 14:22:00,646 [4] INFO  FilesSaver.Form1 Timer event fired.
2019-12-03 14:22:00,653 [4] INFO  FilesSaver.Form1 Copy Now Button activated.
2019-12-03 14:22:00,660 [5] INFO  FilesSaver.Form1 DoWork activated, Directory size is: 9604128768
2019-12-03 14:24:03,664 [1] INFO  FilesSaver.Program Program started.
2019-12-03 14:24:04,282 [1] INFO  FilesSaver.Form1 In Form1 constructor.
2019-12-03 14:24:34,858 [4] INFO  FilesSaver.Form1 Timer event fired.
2019-12-03 14:24:39,859 [4] INFO  FilesSaver.Form1 Timer event fired.
2019-12-03 14:24:44,861 [4] INFO  FilesSaver.Form1 Timer event fired.
2019-12-03 14:24:49,861 [4] INFO  FilesSaver.Form1 Timer event fired.
2019-12-03 14:24:54,862 [4] INFO  FilesSaver.Form1 Timer event fired.
2019-12-03 14:24:59,863 [4] INFO  FilesSaver.Form1 Timer event fired.
2019-12-03 14:25:04,864 [4] INFO  FilesSaver.Form1 Timer event fired.
2019-12-03 14:25:04,871 [4] INFO  FilesSaver.Form1 Copy Now Button activated.
2019-12-03 14:25:04,881 [4] INFO  FilesSaver.Form1 DoWork activated, Directory size is: 9604128768
2019-12-03 14:25:09,877 [6] INFO  FilesSaver.Form1 Timer event fired.
2019-12-03 14:25:09,883 [6] INFO  FilesSaver.Form1 Copy Now Button activated.
2019-12-03 14:25:09,889 [6] INFO  FilesSaver.Form1 background worker is running or null while trying to copy.
2019-12-03 14:25:14,891 [6] INFO  FilesSaver.Form1 Timer event fired.
2019-12-03 14:25:14,896 [6] INFO  FilesSaver.Form1 Copy Now Button activated.
2019-12-03 14:25:14,908 [6] INFO  FilesSaver.Form1 background worker is running or null while trying to copy.
2019-12-03 14:25:19,919 [6] INFO  FilesSaver.Form1 Timer event fired.
2019-12-03 14:25:19,927 [6] INFO  FilesSaver.Form1 Copy Now Button activated.
2019-12-03 14:25:19,935 [6] INFO  FilesSaver.Form1 background worker is running or null while trying to copy.
2019-12-03 14:25:24,935 [5] INFO  FilesSaver.Form1 Timer event fired.
2019-12-03 14:25:24,942 [5] INFO  FilesSaver.Form1 Copy Now Button activated.
2019-12-03 14:25:24,950 [5] INFO  FilesSaver.Form1 background worker is running or null while trying to copy.
2019-12-03 14:25:29,951 [6] INFO  FilesSaver.Form1 Timer event fired.
2019-12-03 14:25:29,957 [6] INFO  FilesSaver.Form1 Copy Now Button activated.
2019-12-03 14:25:29,964 [6] INFO  FilesSaver.Form1 background worker is running or null while trying to copy.
2019-12-03 14:25:34,975 [6] INFO  FilesSaver.Form1 Timer event fired.
2019-12-03 14:25:34,982 [6] INFO  FilesSaver.Form1 Copy Now Button activated.
2019-12-03 14:25:34,990 [6] INFO  FilesSaver.Form1 background worker is running or null while trying to copy.
2019-12-03 14:25:39,991 [6] INFO  FilesSaver.Form1 Timer event fired.
2019-12-03 14:25:39,997 [6] INFO  FilesSaver.Form1 Copy Now Button activated.
2019-12-03 14:25:40,003 [6] INFO  FilesSaver.Form1 background worker is running or null while trying to copy.
2019-12-03 14:25:40,922 [6] INFO  FilesSaver.Form1 File transfer is completed.
2019-12-03 14:25:45,003 [6] INFO  FilesSaver.Form1 Timer event fired.
2019-12-03 14:25:45,010 [6] INFO  FilesSaver.Form1 Copy Now Button activated.
2019-12-03 14:25:45,017 [4] INFO  FilesSaver.Form1 DoWork activated, Directory size is: 9604128768
2019-12-03 14:25:45,330 [5] INFO  FilesSaver.Form1 File transfer is completed.
2019-12-03 14:25:50,016 [4] INFO  FilesSaver.Form1 Timer event fired.
2019-12-03 14:25:50,023 [4] INFO  FilesSaver.Form1 Copy Now Button activated.
2019-12-03 14:25:50,030 [5] INFO  FilesSaver.Form1 DoWork activated, Directory size is: 9604128768
2019-12-03 14:25:50,183 [4] INFO  FilesSaver.Form1 File transfer is completed.
2019-12-03 14:25:55,031 [5] INFO  FilesSaver.Form1 Timer event fired.
2019-12-03 14:25:55,038 [5] INFO  FilesSaver.Form1 Copy Now Button activated.
2019-12-03 14:25:55,046 [6] INFO  FilesSaver.Form1 DoWork activated, Directory size is: 9604128768
2019-12-03 14:25:55,195 [4] INFO  FilesSaver.Form1 File transfer is completed.
2019-12-03 14:26:00,047 [5] INFO  FilesSaver.Form1 Timer event fired.
2019-12-03 14:26:02,973 [1] INFO  FilesSaver.Program Program started.
2019-12-03 14:26:03,588 [1] INFO  FilesSaver.Form1 In Form1 constructor.
2019-12-03 14:26:25,034 [1] INFO  FilesSaver.Form1 Copy Now Button activated.
2019-12-03 14:26:25,048 [4] INFO  FilesSaver.Form1 DoWork activated, Directory size is: 9604128768
2019-12-03 14:26:25,217 [1] INFO  FilesSaver.Form1 File transfer is completed.
2019-12-03 14:26:30,043 [4] INFO  FilesSaver.Form1 Timer event fired.
2019-12-03 14:26:30,049 [4] INFO  FilesSaver.Form1 Copy Now Button activated.
2019-12-03 14:26:30,057 [4] INFO  FilesSaver.Form1 DoWork activated, Directory size is: 9604128768
2019-12-03 14:26:30,223 [5] INFO  FilesSaver.Form1 File transfer is completed.
2019-12-03 14:26:30,428 [1] INFO  FilesSaver.Form1 Copy Now Button activated.
2019-12-03 14:26:30,434 [4] INFO  FilesSaver.Form1 DoWork activated, Directory size is: 9604128768
2019-12-03 14:26:30,583 [1] INFO  FilesSaver.Form1 File transfer is completed.
2019-12-03 14:26:35,434 [5] INFO  FilesSaver.Form1 Timer event fired.
2019-12-03 14:26:35,440 [5] INFO  FilesSaver.Form1 Copy Now Button activated.
2019-12-03 14:26:35,447 [6] INFO  FilesSaver.Form1 DoWork activated, Directory size is: 9604128768
2019-12-03 14:26:35,638 [4] INFO  FilesSaver.Form1 File transfer is completed.
2019-12-03 14:26:40,460 [5] INFO  FilesSaver.Form1 Timer event fired.
2019-12-03 14:26:40,466 [5] INFO  FilesSaver.Form1 Copy Now Button activated.
2019-12-03 14:26:40,475 [6] INFO  FilesSaver.Form1 DoWork activated, Directory size is: 9604128768
2019-12-03 14:26:40,742 [4] INFO  FilesSaver.Form1 File transfer is completed.
2019-12-03 14:26:45,475 [5] INFO  FilesSaver.Form1 Timer event fired.
2019-12-03 14:26:45,482 [5] INFO  FilesSaver.Form1 Copy Now Button activated.
2019-12-03 14:26:45,489 [6] INFO  FilesSaver.Form1 DoWork activated, Directory size is: 9604128768
2019-12-03 14:26:45,706 [4] INFO  FilesSaver.Form1 File transfer is completed.
2019-12-03 14:26:50,489 [5] INFO  FilesSaver.Form1 Timer event fired.
2019-12-03 14:26:50,498 [5] INFO  FilesSaver.Form1 Copy Now Button activated.
2019-12-03 14:26:50,507 [6] INFO  FilesSaver.Form1 DoWork activated, Directory size is: 9604128768
2019-12-03 14:27:15,917 [4] INFO  FilesSaver.Form1 Timer event fired.
2019-12-03 14:27:25,832 [9] INFO  FilesSaver.Form1 Timer event fired.
2019-12-03 14:28:02,853 [4] INFO  FilesSaver.Form1 Timer event fired.
2019-12-03 14:28:11,965 [7] INFO  FilesSaver.Form1 Timer event fired.
2019-12-03 14:33:54,619 [1] INFO  FilesSaver.Program Program started.
2019-12-03 14:33:55,214 [1] INFO  FilesSaver.Form1 In Form1 constructor.
2019-12-03 14:34:21,246 [4] INFO  FilesSaver.Form1 Timer event fired.
2019-12-03 14:34:21,253 [4] INFO  FilesSaver.Form1 Copy Now Button activated.
2019-12-03 14:34:21,263 [4] INFO  FilesSaver.Form1 DoWork activated, Directory size is: 9604128768
2019-12-03 14:36:01,564 [1] INFO  FilesSaver.Program Program started.
2019-12-03 14:36:02,178 [1] INFO  FilesSaver.Form1 In Form1 constructor.
2019-12-03 14:36:18,256 [1] INFO  FilesSaver.Program Program started.
2019-12-03 14:36:18,883 [1] INFO  FilesSaver.Form1 In Form1 constructor.
2019-12-03 14:36:37,509 [4] INFO  FilesSaver.Form1 Timer event fired.
2019-12-03 14:36:37,516 [4] INFO  FilesSaver.Form1 Copy Now Button activated.
2019-12-03 14:36:37,526 [4] INFO  FilesSaver.Form1 DoWork activated, Directory size is: 9604128768
2019-12-03 14:36:47,375 [5] INFO  FilesSaver.Form1 Timer event fired.
2019-12-03 14:36:47,386 [5] INFO  FilesSaver.Form1 Copy Now Button activated.
2019-12-03 14:36:47,395 [5] INFO  FilesSaver.Form1 background worker is running or null while trying to copy.
2019-12-03 14:36:52,403 [6] INFO  FilesSaver.Form1 Timer event fired.
2019-12-03 14:36:52,408 [6] INFO  FilesSaver.Form1 Copy Now Button activated.
2019-12-03 14:36:52,415 [6] INFO  FilesSaver.Form1 background worker is running or null while trying to copy.
2019-12-03 14:36:57,431 [6] INFO  FilesSaver.Form1 Timer event fired.
2019-12-03 14:36:57,438 [6] INFO  FilesSaver.Form1 Copy Now Button activated.
2019-12-03 14:36:57,444 [6] INFO  FilesSaver.Form1 background worker is running or null while trying to copy.
2019-12-03 14:37:02,444 [6] INFO  FilesSaver.Form1 Timer event fired.
2019-12-03 14:37:07,445 [5] INFO  FilesSaver.Form1 Timer event fired.
2019-12-03 14:37:12,445 [5] INFO  FilesSaver.Form1 Timer event fired.
2019-12-03 14:37:17,447 [7] INFO  FilesSaver.Form1 Timer event fired.
2019-12-03 14:37:18,351 [7] INFO  FilesSaver.Form1 File transfer is completed.
2019-12-03 14:37:22,448 [4] INFO  FilesSaver.Form1 Timer event fired.
2019-12-03 14:37:27,449 [4] INFO  FilesSaver.Form1 Timer event fired.
2019-12-03 14:37:32,449 [4] INFO  FilesSaver.Form1 Timer event fired.
2019-12-04 09:14:57,143 [1] INFO  FilesSaver.Program Program started.
2019-12-04 09:14:57,231 [1] INFO  FilesSaver.MainUI In MainUI constructor.
2019-12-04 09:30:14,271 [1] INFO  FilesSaver.Program Program started.
2019-12-04 09:30:14,360 [1] INFO  FilesSaver.MainUI In MainUI constructor.
2019-12-04 09:30:28,610 [4] INFO  FilesSaver.MainUI Timer event fired.
2019-12-04 09:30:28,618 [4] INFO  FilesSaver.MainUI Copy Now Button activated.
2019-12-04 09:30:28,629 [4] INFO  FilesSaver.MainUI DoWork activated, Directory size is: 9604128768
2019-12-04 09:30:28,991 [5] INFO  FilesSaver.MainUI File transfer is completed.
2019-12-04 09:30:33,626 [5] INFO  FilesSaver.MainUI Timer event fired.
2019-12-04 09:30:33,633 [5] INFO  FilesSaver.MainUI Copy Now Button activated.
2019-12-04 09:30:33,641 [6] INFO  FilesSaver.MainUI DoWork activated, Directory size is: 9604128768
2019-12-04 09:30:33,806 [4] INFO  FilesSaver.MainUI File transfer is completed.
2019-12-04 09:30:38,420 [1] INFO  FilesSaver.Program Program started.
2019-12-04 09:30:38,502 [1] INFO  FilesSaver.MainUI In MainUI constructor.
2019-12-04 09:31:57,419 [1] INFO  FilesSaver.Program Program started.
2019-12-04 09:31:57,515 [1] INFO  FilesSaver.MainUI In MainUI constructor.
2019-12-04 09:47:29,506 [1] INFO  FilesSaver.Program Program started.
2019-12-04 09:47:29,593 [1] INFO  FilesSaver.MainUI In MainUI constructor.
2019-12-04 10:05:37,876 [1] INFO  FilesSaver.Program Program started.
2019-12-04 10:05:37,962 [1] INFO  FilesSaver.MainUI In MainUI constructor.
2019-12-04 10:07:04,478 [1] INFO  FilesSaver.Program Program started.
2019-12-04 10:07:04,575 [1] INFO  FilesSaver.MainUI In MainUI constructor.
2019-12-04 10:07:50,284 [1] INFO  FilesSaver.Program Program started.
2019-12-04 10:07:50,388 [1] INFO  FilesSaver.MainUI In MainUI constructor.
2019-12-04 10:08:30,577 [1] INFO  FilesSaver.Program Program started.
2019-12-04 10:08:30,662 [1] INFO  FilesSaver.MainUI In MainUI constructor.
2019-12-04 10:34:22,983 [1] INFO  FilesSaver.Program Program started.
2019-12-04 10:34:23,079 [1] INFO  FilesSaver.MainUI In MainUI constructor.
2019-12-04 10:34:33,817 [4] INFO  FilesSaver.MainUI Timer event fired.
2019-12-04 10:34:38,819 [4] INFO  FilesSaver.MainUI Timer event fired.
2019-12-04 10:34:43,820 [4] INFO  FilesSaver.MainUI Timer event fired.
2019-12-04 10:34:48,820 [4] INFO  FilesSaver.MainUI Timer event fired.
2019-12-04 10:34:53,821 [4] INFO  FilesSaver.MainUI Timer event fired.
2019-12-04 10:34:58,822 [4] INFO  FilesSaver.MainUI Timer event fired.
2019-12-04 10:35:03,822 [4] INFO  FilesSaver.MainUI Timer event fired.
2019-12-04 10:35:08,823 [4] INFO  FilesSaver.MainUI Timer event fired.
2019-12-04 10:35:13,823 [4] INFO  FilesSaver.MainUI Timer event fired.
2019-12-04 10:35:18,825 [4] INFO  FilesSaver.MainUI Timer event fired.
2019-12-04 10:35:23,825 [4] INFO  FilesSaver.MainUI Timer event fired.
2019-12-04 10:35:28,826 [4] INFO  FilesSaver.MainUI Timer event fired.
2019-12-04 10:35:33,827 [4] INFO  FilesSaver.MainUI Timer event fired.
2019-12-04 10:35:38,828 [4] INFO  FilesSaver.MainUI Timer event fired.
2019-12-04 10:35:43,828 [4] INFO  FilesSaver.MainUI Timer event fired.
2019-12-04 10:35:48,829 [4] INFO  FilesSaver.MainUI Timer event fired.
2019-12-04 10:35:53,830 [4] INFO  FilesSaver.MainUI Timer event fired.
2019-12-04 10:35:58,831 [4] INFO  FilesSaver.MainUI Timer event fired.
2019-12-04 10:36:03,832 [4] INFO  FilesSaver.MainUI Timer event fired.
2019-12-04 10:36:08,833 [4] INFO  FilesSaver.MainUI Timer event fired.
2019-12-04 10:36:13,833 [4] INFO  FilesSaver.MainUI Timer event fired.
2019-12-04 10:36:18,834 [4] INFO  FilesSaver.MainUI Timer event fired.
2019-12-04 10:36:23,834 [4] INFO  FilesSaver.MainUI Timer event fired.
2019-12-04 10:36:28,835 [4] INFO  FilesSaver.MainUI Timer event fired.
2019-12-04 10:36:33,836 [4] INFO  FilesSaver.MainUI Timer event fired.
2019-12-04 10:36:36,395 [1] INFO  FilesSaver.Program Program started.
2019-12-04 10:36:36,507 [1] INFO  FilesSaver.MainUI In MainUI constructor.
2019-12-04 10:36:49,822 [4] INFO  FilesSaver.MainUI Timer event fired.
2019-12-04 10:36:54,822 [4] INFO  FilesSaver.MainUI Timer event fired.
2019-12-04 10:36:59,823 [4] INFO  FilesSaver.MainUI Timer event fired.
2019-12-04 10:37:04,824 [4] INFO  FilesSaver.MainUI Timer event fired.
2019-12-04 10:37:09,824 [4] INFO  FilesSaver.MainUI Timer event fired.
2019-12-04 10:37:14,826 [4] INFO  FilesSaver.MainUI Timer event fired.
2019-12-04 10:37:19,826 [4] INFO  FilesSaver.MainUI Timer event fired.
2019-12-04 10:37:24,827 [4] INFO  FilesSaver.MainUI Timer event fired.
2019-12-04 10:37:29,828 [4] INFO  FilesSaver.MainUI Timer event fired.
2019-12-04 10:37:48,922 [4] INFO  FilesSaver.MainUI Timer event fired.
2019-12-04 10:37:53,571 [4] INFO  FilesSaver.MainUI Copy Now Button activated.
2019-12-04 10:37:53,584 [5] INFO  FilesSaver.MainUI DoWork activated, Directory size is: 9604128768
2019-12-04 10:37:53,773 [6] INFO  FilesSaver.MainUI File transfer is completed.
2019-12-04 10:37:58,579 [5] INFO  FilesSaver.MainUI Timer event fired.
2019-12-04 10:38:03,580 [5] INFO  FilesSaver.MainUI Timer event fired.
2019-12-04 10:38:08,581 [5] INFO  FilesSaver.MainUI Timer event fired.
2019-12-04 10:38:13,582 [5] INFO  FilesSaver.MainUI Timer event fired.
2019-12-04 10:38:18,583 [5] INFO  FilesSaver.MainUI Timer event fired.
2019-12-04 10:38:23,584 [5] INFO  FilesSaver.MainUI Timer event fired.
2019-12-04 10:38:28,585 [5] INFO  FilesSaver.MainUI Timer event fired.
2019-12-04 10:38:33,586 [5] INFO  FilesSaver.MainUI Timer event fired.
2019-12-04 10:38:38,587 [5] INFO  FilesSaver.MainUI Timer event fired.
2019-12-04 10:38:43,587 [5] INFO  FilesSaver.MainUI Timer event fired.
2019-12-04 10:38:48,588 [5] INFO  FilesSaver.MainUI Timer event fired.
2019-12-04 10:38:53,590 [4] INFO  FilesSaver.MainUI Timer event fired.
2019-12-04 10:38:58,591 [4] INFO  FilesSaver.MainUI Timer event fired.
2019-12-04 10:39:03,591 [4] INFO  FilesSaver.MainUI Timer event fired.
2019-12-04 10:39:08,592 [4] INFO  FilesSaver.MainUI Timer event fired.
2019-12-04 10:39:23,014 [1] INFO  FilesSaver.Program Program started.
2019-12-04 10:39:23,148 [1] INFO  FilesSaver.MainUI In MainUI constructor.
2019-12-04 10:39:30,652 [4] INFO  FilesSaver.MainUI Timer event fired.
2019-12-04 10:40:49,447 [1] INFO  FilesSaver.Program Program started.
2019-12-04 10:40:49,539 [1] INFO  FilesSaver.MainUI In MainUI constructor.
2019-12-04 10:41:11,337 [4] INFO  FilesSaver.MainUI Timer event fired.
2019-12-04 10:41:11,344 [4] INFO  FilesSaver.MainUI Copy Now Button activated.
2019-12-04 10:41:11,356 [5] INFO  FilesSaver.MainUI DoWork activated, Directory size is: 9604128768
2019-12-04 10:41:11,534 [6] INFO  FilesSaver.MainUI File transfer is completed.
2019-12-04 10:41:16,352 [6] INFO  FilesSaver.MainUI Timer event fired.
2019-12-04 10:41:21,703 [1] INFO  FilesSaver.Program Program started.
2019-12-04 10:41:21,809 [1] INFO  FilesSaver.MainUI In MainUI constructor.
2019-12-04 10:41:33,565 [1] INFO  FilesSaver.Program Program started.
2019-12-04 10:41:33,683 [1] INFO  FilesSaver.MainUI In MainUI constructor.
2019-12-04 10:41:45,622 [4] INFO  FilesSaver.MainUI Timer event fired.
2019-12-04 10:41:50,623 [4] INFO  FilesSaver.MainUI Timer event fired.
2019-12-04 10:41:55,623 [4] INFO  FilesSaver.MainUI Timer event fired.
2019-12-04 10:42:00,624 [4] INFO  FilesSaver.MainUI Timer event fired.
2019-12-04 10:42:00,631 [4] INFO  FilesSaver.MainUI Copy Now Button activated.
2019-12-04 10:42:00,643 [5] INFO  FilesSaver.MainUI DoWork activated, Directory size is: 9604128768
2019-12-04 10:42:00,833 [6] INFO  FilesSaver.MainUI File transfer is completed.
2019-12-04 10:42:05,639 [6] INFO  FilesSaver.MainUI Timer event fired.
2019-12-04 10:42:10,640 [5] INFO  FilesSaver.MainUI Timer event fired.
2019-12-04 10:42:15,641 [5] INFO  FilesSaver.MainUI Timer event fired.
2019-12-04 10:42:20,642 [5] INFO  FilesSaver.MainUI Timer event fired.
2019-12-04 10:42:25,643 [5] INFO  FilesSaver.MainUI Timer event fired.
2019-12-04 10:42:30,644 [5] INFO  FilesSaver.MainUI Timer event fired.
2019-12-04 10:42:35,645 [5] INFO  FilesSaver.MainUI Timer event fired.
2019-12-04 10:42:40,646 [5] INFO  FilesSaver.MainUI Timer event fired.
2019-12-04 10:42:45,647 [5] INFO  FilesSaver.MainUI Timer event fired.
2019-12-04 10:42:50,648 [5] INFO  FilesSaver.MainUI Timer event fired.
2019-12-04 10:42:55,648 [5] INFO  FilesSaver.MainUI Timer event fired.
2019-12-04 10:42:55,654 [5] INFO  FilesSaver.MainUI Copy Now Button activated.
2019-12-04 10:42:55,662 [7] INFO  FilesSaver.MainUI DoWork activated, Directory size is: 9604128768
2019-12-04 10:42:55,835 [4] INFO  FilesSaver.MainUI File transfer is completed.
2019-12-04 10:43:00,675 [7] INFO  FilesSaver.MainUI Timer event fired.
2019-12-04 10:43:05,676 [4] INFO  FilesSaver.MainUI Timer event fired.
2019-12-04 10:43:10,677 [4] INFO  FilesSaver.MainUI Timer event fired.
2019-12-04 10:43:15,678 [4] INFO  FilesSaver.MainUI Timer event fired.
2019-12-04 10:43:20,679 [4] INFO  FilesSaver.MainUI Timer event fired.
2019-12-04 10:43:25,680 [4] INFO  FilesSaver.MainUI Timer event fired.
2019-12-04 10:43:58,684 [1] INFO  FilesSaver.Program Program started.
2019-12-04 10:43:58,773 [1] INFO  FilesSaver.MainUI In MainUI constructor.
2019-12-04 10:44:11,637 [4] INFO  FilesSaver.MainUI Timer event fired.
2019-12-04 10:44:16,638 [4] INFO  FilesSaver.MainUI Timer event fired.
2019-12-04 10:44:21,639 [4] INFO  FilesSaver.MainUI Timer event fired.
2019-12-04 10:44:26,640 [4] INFO  FilesSaver.MainUI Timer event fired.
2019-12-04 10:44:31,640 [4] INFO  FilesSaver.MainUI Timer event fired.
2019-12-04 10:44:36,641 [4] INFO  FilesSaver.MainUI Timer event fired.
2019-12-04 10:44:41,642 [4] INFO  FilesSaver.MainUI Timer event fired.
2019-12-04 10:44:46,642 [4] INFO  FilesSaver.MainUI Timer event fired.
2019-12-04 10:44:51,643 [4] INFO  FilesSaver.MainUI Timer event fired.
2019-12-04 10:44:56,644 [4] INFO  FilesSaver.MainUI Timer event fired.
2019-12-04 10:45:01,645 [4] INFO  FilesSaver.MainUI Timer event fired.
2019-12-04 10:45:01,650 [4] INFO  FilesSaver.MainUI Copy Now Button activated.
2019-12-04 10:45:01,661 [5] INFO  FilesSaver.MainUI DoWork activated, Directory size is: 9604128768
2019-12-04 10:45:01,846 [6] INFO  FilesSaver.MainUI File transfer is completed.
2019-12-04 10:45:06,658 [6] INFO  FilesSaver.MainUI Timer event fired.
2019-12-04 10:45:11,658 [5] INFO  FilesSaver.MainUI Timer event fired.
2019-12-04 10:45:16,659 [5] INFO  FilesSaver.MainUI Timer event fired.
2019-12-04 10:45:21,660 [5] INFO  FilesSaver.MainUI Timer event fired.
2019-12-04 10:45:26,661 [5] INFO  FilesSaver.MainUI Timer event fired.
2019-12-04 10:45:31,661 [5] INFO  FilesSaver.MainUI Timer event fired.
2019-12-04 10:45:36,662 [5] INFO  FilesSaver.MainUI Timer event fired.
2019-12-04 10:45:41,662 [5] INFO  FilesSaver.MainUI Timer event fired.
2019-12-04 10:45:46,664 [5] INFO  FilesSaver.MainUI Timer event fired.
2019-12-04 10:45:51,664 [5] INFO  FilesSaver.MainUI Timer event fired.
2019-12-04 10:45:56,665 [5] INFO  FilesSaver.MainUI Timer event fired.
2019-12-04 10:46:01,665 [5] INFO  FilesSaver.MainUI Timer event fired.
2019-12-04 10:46:06,666 [4] INFO  FilesSaver.MainUI Timer event fired.
2019-12-04 10:46:11,667 [4] INFO  FilesSaver.MainUI Timer event fired.
2019-12-04 10:46:16,668 [4] INFO  FilesSaver.MainUI Timer event fired.
2019-12-04 10:46:21,669 [4] INFO  FilesSaver.MainUI Timer event fired.
2019-12-04 10:46:26,670 [4] INFO  FilesSaver.MainUI Timer event fired.
2019-12-04 10:46:31,671 [4] INFO  FilesSaver.MainUI Timer event fired.
2019-12-04 10:46:36,672 [4] INFO  FilesSaver.MainUI Timer event fired.
2019-12-04 10:46:41,673 [4] INFO  FilesSaver.MainUI Timer event fired.
2019-12-04 10:46:46,674 [4] INFO  FilesSaver.MainUI Timer event fired.
2019-12-04 10:46:57,980 [4] INFO  FilesSaver.MainUI Timer event fired.
2019-12-04 10:47:02,981 [4] INFO  FilesSaver.MainUI Timer event fired.
2019-12-04 10:47:02,988 [4] INFO  FilesSaver.MainUI Copy Now Button activated.
2019-12-04 10:47:03,001 [7] INFO  FilesSaver.MainUI DoWork activated, Directory size is: 9604128768
2019-12-04 10:47:03,182 [8] INFO  FilesSaver.MainUI File transfer is completed.
2019-12-04 10:47:07,998 [8] INFO  FilesSaver.MainUI Timer event fired.
2019-12-04 10:47:12,998 [7] INFO  FilesSaver.MainUI Timer event fired.
2019-12-04 10:47:17,999 [7] INFO  FilesSaver.MainUI Timer event fired.
2019-12-04 10:47:23,000 [7] INFO  FilesSaver.MainUI Timer event fired.
2019-12-04 10:47:28,001 [7] INFO  FilesSaver.MainUI Timer event fired.
2019-12-04 10:47:33,002 [7] INFO  FilesSaver.MainUI Timer event fired.
2019-12-04 10:47:38,002 [7] INFO  FilesSaver.MainUI Timer event fired.
2019-12-04 10:50:26,656 [1] INFO  FilesSaver.Program Program started.
2019-12-04 10:50:26,753 [1] INFO  FilesSaver.MainUI In MainUI constructor.
2019-12-04 10:51:05,106 [1] INFO  FilesSaver.Program Program started.
2019-12-04 10:51:05,197 [1] INFO  FilesSaver.MainUI In MainUI constructor.
2019-12-04 10:51:15,092 [1] INFO  FilesSaver.Program Program started.
2019-12-04 10:51:15,186 [1] INFO  FilesSaver.MainUI In MainUI constructor.
2019-12-04 11:02:51,558 [1] INFO  FilesSaver.Program Program started.
2019-12-04 11:02:51,647 [1] INFO  FilesSaver.MainUI In MainUI constructor.
2019-12-04 11:03:05,740 [4] INFO  FilesSaver.MainUI Timer event fired.
2019-12-04 12:06:11,881 [1] INFO  FilesSaver.Program Program started.
2019-12-04 12:06:11,969 [1] INFO  FilesSaver.MainUI In MainUI constructor.
2019-12-04 12:07:38,244 [1] INFO  FilesSaver.Program Program started.
2019-12-04 12:07:38,340 [1] INFO  FilesSaver.MainUI In MainUI constructor.
2019-12-04 12:09:54,456 [1] INFO  FilesSaver.Program Program started.
2019-12-04 12:09:54,576 [1] INFO  FilesSaver.MainUI In MainUI constructor.
2019-12-04 12:10:13,798 [1] INFO  FilesSaver.Program Program started.
2019-12-04 12:10:13,908 [1] INFO  FilesSaver.MainUI In MainUI constructor.
2019-12-04 12:10:37,421 [1] INFO  FilesSaver.Program Program started.
2019-12-04 12:10:37,521 [1] INFO  FilesSaver.MainUI In MainUI constructor.
2019-12-04 12:11:37,287 [1] INFO  FilesSaver.Program Program started.
2019-12-04 12:11:37,372 [1] INFO  FilesSaver.MainUI In MainUI constructor.
2019-12-04 12:11:57,137 [1] INFO  FilesSaver.Program Program started.
2019-12-04 12:11:57,249 [1] INFO  FilesSaver.MainUI In MainUI constructor.
2019-12-04 12:12:50,642 [1] INFO  FilesSaver.Program Program started.
2019-12-04 12:13:42,727 [1] INFO  FilesSaver.Program Program started.
2019-12-04 12:13:46,450 [1] INFO  FilesSaver.MainUI In MainUI constructor.
2019-12-04 12:14:08,052 [1] INFO  FilesSaver.Program Program started.
2019-12-04 12:15:35,670 [1] INFO  FilesSaver.Program Program started.
2019-12-04 12:15:35,767 [1] INFO  FilesSaver.MainUI In MainUI constructor.
2019-12-04 12:29:01,525 [1] INFO  FilesSaver.Program Program started.
2019-12-04 12:29:01,623 [1] INFO  FilesSaver.MainUI In MainUI constructor.
2019-12-04 12:29:03,861 [1] INFO  FilesSaver.MainUI User has closed the form.
